#
# A fatal error has been detected by the Java Runtime Environment:
#
#  EXCEPTION_ACCESS_VIOLATION (0xc0000005) at pc=0x000000005d5b96af, pid=5580, tid=15348
#
# JRE version: Java(TM) SE Runtime Environment (8.0_66-b18) (build 1.8.0_66-b18)
# Java VM: Java HotSpot(TM) 64-Bit Server VM (25.66-b18 mixed mode windows-amd64 compressed oops)
# Problematic frame:
# V  [jvm.dll+0x4b96af]
#
# Failed to write core dump. Minidumps are not enabled by default on client versions of Windows
#
# If you would like to submit a bug report, please visit:
#   http://bugreport.java.com/bugreport/crash.jsp
#

---------------  T H R E A D  ---------------

Current thread (0x0000000057db0000):  JavaThread "C2 CompilerThread0" daemon [_thread_in_native, id=15348, stack(0x0000000058ac0000,0x0000000058bc0000)]

siginfo: ExceptionCode=0xc0000005, reading address 0x0000000000000008

Registers:
RAX=0x0000000000000000, RBX=0x0000000000000000, RCX=0x0000000059d85ff0, RDX=0x0000000000000800
RSP=0x0000000058bbbcf0, RBP=0x00000000593e82f0, RSI=0x0000000059d85ff0, RDI=0x0000000058bbc1c0
R8 =0x0000000000000000, R9 =0x000000005ae4b980, R10=0x0000000058bbc1c0, R11=0x000000005a3ab4d0
R12=0x00000000593e8578, R13=0x000000005ad27c90, R14=0x0000000058bbbdd8, R15=0x0000000058bbbdf8
RIP=0x000000005d5b96af, EFLAGS=0x0000000000010202

Top of Stack: (sp=0x0000000058bbbcf0)
0x0000000058bbbcf0:   00000000593e85d8 00000000593e82f0
0x0000000058bbbd00:   0000000059d89310 0000000058bbbea0
0x0000000058bbbd10:   00000000593e82f0 0000000058bbbe48
0x0000000058bbbd20:   0000000058bbbea0 000000005d5baec9
0x0000000058bbbd30:   00000000593e85d8 0000000000000063
0x0000000058bbbd40:   0000000000000001 0000000059d85ff0
0x0000000058bbbd50:   0000000058bbcb90 000000005d5ed950
0x0000000058bbbd60:   0000000059aa0000 0000000057dabe80
0x0000000058bbbd70:   0000000057db5180 0000000058bbbea0
0x0000000058bbbd80:   0000000057dabe80 0000000000000000
0x0000000058bbbd90:   0000000058bbc1c0 000000005d5bcddf
0x0000000058bbbda0:   0000000058bbc1c0 0000000000000001
0x0000000058bbbdb0:   0000000000000001 0000000057db5180
0x0000000058bbbdc0:   0000000059aa4050 0000000059aa7fe8
0x0000000058bbbdd0:   00000000000302e8 0000000057dabe80
0x0000000058bbbde0:   0000000000000080 000000005a3ab090 

Instructions: (pc=0x000000005d5b96af)
0x000000005d5b968f:   4c 89 64 24 50 4c 8b e0 4c 3b e8 0f 84 4f 01 00
0x000000005d5b969f:   00 44 8b 43 28 4c 8b 8f f0 09 00 00 4b 8b 1c c1
0x000000005d5b96af:   48 8b 43 08 48 83 38 00 75 2a 8b 57 28 0f 1f 40
0x000000005d5b96bf:   00 8b 43 28 3b c2 73 0c 8b c8 48 8b 47 30 48 8b 


Register to memory mapping:

RAX=0x0000000000000000 is an unknown value
RBX=0x0000000000000000 is an unknown value
RCX=0x0000000059d85ff0 is an unknown value
RDX=0x0000000000000800 is an unknown value
RSP=0x0000000058bbbcf0 is pointing into the stack for thread: 0x0000000057db0000
RBP=0x00000000593e82f0 is an unknown value
RSI=0x0000000059d85ff0 is an unknown value
RDI=0x0000000058bbc1c0 is pointing into the stack for thread: 0x0000000057db0000
R8 =0x0000000000000000 is an unknown value
R9 =0x000000005ae4b980 is an unknown value
R10=0x0000000058bbc1c0 is pointing into the stack for thread: 0x0000000057db0000
R11=0x000000005a3ab4d0 is an unknown value
R12=0x00000000593e8578 is an unknown value
R13=0x000000005ad27c90 is an unknown value
R14=0x0000000058bbbdd8 is pointing into the stack for thread: 0x0000000057db0000
R15=0x0000000058bbbdf8 is pointing into the stack for thread: 0x0000000057db0000


Stack: [0x0000000058ac0000,0x0000000058bc0000],  sp=0x0000000058bbbcf0,  free space=1007k
Native frames: (J=compiled Java code, j=interpreted, Vv=VM code, C=native code)
V  [jvm.dll+0x4b96af]
V  [jvm.dll+0x4baec9]
V  [jvm.dll+0x4bcddf]
V  [jvm.dll+0x46eda1]
V  [jvm.dll+0x46fade]
V  [jvm.dll+0x452d12]
V  [jvm.dll+0xa4912]
V  [jvm.dll+0xa524f]
V  [jvm.dll+0x243274]
V  [jvm.dll+0x29a0fa]
C  [msvcr100.dll+0x21d9f]
C  [msvcr100.dll+0x21e3b]
C  [kernel32.dll+0x1652d]
C  [ntdll.dll+0x2c541]


Current CompileTask:
C2:   2587 2251       4       gnu.trove.impl.hash.TIntIntHash::insertKey (125 bytes)


---------------  P R O C E S S  ---------------

Java Threads: ( => current thread )
  0x0000000057fd8800 JavaThread "ReaderThread" [_thread_in_native, id=16076, stack(0x0000000059930000,0x0000000059a30000)]
  0x0000000057e82800 JavaThread "Service Thread" daemon [_thread_blocked, id=11856, stack(0x0000000058f00000,0x0000000059000000)]
  0x0000000057db2000 JavaThread "C1 CompilerThread2" daemon [_thread_in_native, id=5916, stack(0x0000000058bc0000,0x0000000058cc0000)]
  0x0000000057e1b000 JavaThread "C2 CompilerThread1" daemon [_thread_in_native, id=13188, stack(0x0000000058d50000,0x0000000058e50000)]
=>0x0000000057db0000 JavaThread "C2 CompilerThread0" daemon [_thread_in_native, id=15348, stack(0x0000000058ac0000,0x0000000058bc0000)]
  0x0000000057d89000 JavaThread "org.jacoco.agent.rt.internal_14f7ee5.output.TcpClientOutput" daemon [_thread_in_native, id=10888, stack(0x00000000586d0000,0x00000000587d0000)]
  0x0000000056457000 JavaThread "Attach Listener" daemon [_thread_blocked, id=14228, stack(0x00000000579d0000,0x0000000057ad0000)]
  0x0000000056453800 JavaThread "Signal Dispatcher" daemon [_thread_blocked, id=2544, stack(0x0000000057ba0000,0x0000000057ca0000)]
  0x00000000563f9800 JavaThread "Finalizer" daemon [_thread_blocked, id=11144, stack(0x00000000578d0000,0x00000000579d0000)]
  0x00000000563f2800 JavaThread "Reference Handler" daemon [_thread_blocked, id=7668, stack(0x00000000575f0000,0x00000000576f0000)]
  0x000000000235f800 JavaThread "main" [_thread_in_Java, id=13932, stack(0x0000000002460000,0x0000000002560000)]

Other Threads:
  0x00000000563ed000 VMThread [stack: 0x0000000057490000,0x0000000057590000] [id=13972]
  0x0000000057e83000 WatcherThread [stack: 0x0000000059020000,0x0000000059120000] [id=10624]

VM state:not at safepoint (normal execution)

VM Mutex/Monitor currently owned by a thread: None

Heap:
 PSYoungGen      total 28672K, used 20929K [0x00000000e0000000, 0x00000000e3800000, 0x0000000100000000)
  eden space 24576K, 72% used [0x00000000e0000000,0x00000000e11560f0,0x00000000e1800000)
  from space 4096K, 77% used [0x00000000e1800000,0x00000000e1b1a410,0x00000000e1c00000)
  to   space 4096K, 0% used [0x00000000e3400000,0x00000000e3400000,0x00000000e3800000)
 ParOldGen       total 65536K, used 32K [0x00000000a0000000, 0x00000000a4000000, 0x00000000e0000000)
  object space 65536K, 0% used [0x00000000a0000000,0x00000000a0008000,0x00000000a4000000)
 Metaspace       used 11765K, capacity 12144K, committed 12288K, reserved 1060864K
  class space    used 1299K, capacity 1414K, committed 1536K, reserved 1048576K

Card table byte_map: [0x0000000011cf0000,0x0000000012000000] byte_map_base: 0x00000000117f0000

Marking Bits: (ParMarkBitMap*) 0x000000005d90a5b0
 Begin Bits: [0x0000000012760000, 0x0000000013f60000)
 End Bits:   [0x0000000013f60000, 0x0000000015760000)

Polling page: 0x0000000000120000

CodeCache: size=245760Kb used=7380Kb max_used=7380Kb free=238380Kb
 bounds [0x0000000002930000, 0x0000000003070000, 0x0000000011930000]
 total_blobs=2607 nmethods=2267 adapters=253
 compilation: enabled

Compilation events (10 events):
Event: 2.513 Thread 0x0000000057db2000 2267       3       java.util.TimSort::ensureCapacity (107 bytes)
Event: 2.513 Thread 0x0000000057db0000 nmethod 2206 0x000000000305cdd0 code [0x000000000305d060, 0x000000000305df50]
Event: 2.513 Thread 0x0000000057db2000 nmethod 2267 0x000000000305c490 code [0x000000000305c620, 0x000000000305cbf8]
Event: 2.513 Thread 0x0000000057db0000 2250       4       org.chocosolver.solver.search.strategy.selectors.variables.FirstFail::getVariable (116 bytes)
Event: 2.513 Thread 0x0000000057db2000 2268       3       java.util.TimSort::mergeHi (732 bytes)
Event: 2.516 Thread 0x0000000057db2000 nmethod 2268 0x0000000003055e90 code [0x00000000030561c0, 0x0000000003058358]
Event: 2.518 Thread 0x0000000057db0000 nmethod 2250 0x000000000305a910 code [0x000000000305aa60, 0x000000000305acb8]
Event: 2.518 Thread 0x0000000057db0000 2265       4       gnu.trove.impl.hash.TObjectHash::$jacocoInit (54 bytes)
Event: 2.518 Thread 0x0000000057db0000 nmethod 2265 0x000000000304b190 code [0x000000000304b2c0, 0x000000000304b318]
Event: 2.518 Thread 0x0000000057db0000 2251       4       gnu.trove.impl.hash.TIntIntHash::insertKey (125 bytes)

GC Heap History (6 events):
Event: 0.761 GC heap before
{Heap before GC invocations=1 (full 0):
 PSYoungGen      total 28672K, used 24576K [0x00000000e0000000, 0x00000000e2000000, 0x0000000100000000)
  eden space 24576K, 100% used [0x00000000e0000000,0x00000000e1800000,0x00000000e1800000)
  from space 4096K, 0% used [0x00000000e1c00000,0x00000000e1c00000,0x00000000e2000000)
  to   space 4096K, 0% used [0x00000000e1800000,0x00000000e1800000,0x00000000e1c00000)
 ParOldGen       total 65536K, used 0K [0x00000000a0000000, 0x00000000a4000000, 0x00000000e0000000)
  object space 65536K, 0% used [0x00000000a0000000,0x00000000a0000000,0x00000000a4000000)
 Metaspace       used 6603K, capacity 6742K, committed 6912K, reserved 1056768K
  class space    used 718K, capacity 753K, committed 768K, reserved 1048576K
Event: 0.768 GC heap after
Heap after GC invocations=1 (full 0):
 PSYoungGen      total 28672K, used 2295K [0x00000000e0000000, 0x00000000e2000000, 0x0000000100000000)
  eden space 24576K, 0% used [0x00000000e0000000,0x00000000e0000000,0x00000000e1800000)
  from space 4096K, 56% used [0x00000000e1800000,0x00000000e1a3de70,0x00000000e1c00000)
  to   space 4096K, 0% used [0x00000000e1c00000,0x00000000e1c00000,0x00000000e2000000)
 ParOldGen       total 65536K, used 16K [0x00000000a0000000, 0x00000000a4000000, 0x00000000e0000000)
  object space 65536K, 0% used [0x00000000a0000000,0x00000000a0004000,0x00000000a4000000)
 Metaspace       used 6603K, capacity 6742K, committed 6912K, reserved 1056768K
  class space    used 718K, capacity 753K, committed 768K, reserved 1048576K
}
Event: 1.466 GC heap before
{Heap before GC invocations=2 (full 0):
 PSYoungGen      total 28672K, used 26871K [0x00000000e0000000, 0x00000000e2000000, 0x0000000100000000)
  eden space 24576K, 100% used [0x00000000e0000000,0x00000000e1800000,0x00000000e1800000)
  from space 4096K, 56% used [0x00000000e1800000,0x00000000e1a3de70,0x00000000e1c00000)
  to   space 4096K, 0% used [0x00000000e1c00000,0x00000000e1c00000,0x00000000e2000000)
 ParOldGen       total 65536K, used 16K [0x00000000a0000000, 0x00000000a4000000, 0x00000000e0000000)
  object space 65536K, 0% used [0x00000000a0000000,0x00000000a0004000,0x00000000a4000000)
 Metaspace       used 9938K, capacity 10116K, committed 10496K, reserved 1058816K
  class space    used 1101K, capacity 1174K, committed 1280K, reserved 1048576K
Event: 1.572 GC heap after
Heap after GC invocations=2 (full 0):
 PSYoungGen      total 28672K, used 2595K [0x00000000e0000000, 0x00000000e3800000, 0x0000000100000000)
  eden space 24576K, 0% used [0x00000000e0000000,0x00000000e0000000,0x00000000e1800000)
  from space 4096K, 63% used [0x00000000e1c00000,0x00000000e1e88dd0,0x00000000e2000000)
  to   space 4096K, 0% used [0x00000000e1800000,0x00000000e1800000,0x00000000e1c00000)
 ParOldGen       total 65536K, used 24K [0x00000000a0000000, 0x00000000a4000000, 0x00000000e0000000)
  object space 65536K, 0% used [0x00000000a0000000,0x00000000a0006000,0x00000000a4000000)
 Metaspace       used 9938K, capacity 10116K, committed 10496K, reserved 1058816K
  class space    used 1101K, capacity 1174K, committed 1280K, reserved 1048576K
}
Event: 2.015 GC heap before
{Heap before GC invocations=3 (full 0):
 PSYoungGen      total 28672K, used 27171K [0x00000000e0000000, 0x00000000e3800000, 0x0000000100000000)
  eden space 24576K, 100% used [0x00000000e0000000,0x00000000e1800000,0x00000000e1800000)
  from space 4096K, 63% used [0x00000000e1c00000,0x00000000e1e88dd0,0x00000000e2000000)
  to   space 4096K, 0% used [0x00000000e1800000,0x00000000e1800000,0x00000000e1c00000)
 ParOldGen       total 65536K, used 24K [0x00000000a0000000, 0x00000000a4000000, 0x00000000e0000000)
  object space 65536K, 0% used [0x00000000a0000000,0x00000000a0006000,0x00000000a4000000)
 Metaspace       used 11016K, capacity 11274K, committed 11648K, reserved 1058816K
  class space    used 1234K, capacity 1303K, committed 1408K, reserved 1048576K
Event: 2.026 GC heap after
Heap after GC invocations=3 (full 0):
 PSYoungGen      total 28672K, used 3177K [0x00000000e0000000, 0x00000000e3800000, 0x0000000100000000)
  eden space 24576K, 0% used [0x00000000e0000000,0x00000000e0000000,0x00000000e1800000)
  from space 4096K, 77% used [0x00000000e1800000,0x00000000e1b1a410,0x00000000e1c00000)
  to   space 4096K, 0% used [0x00000000e3400000,0x00000000e3400000,0x00000000e3800000)
 ParOldGen       total 65536K, used 32K [0x00000000a0000000, 0x00000000a4000000, 0x00000000e0000000)
  object space 65536K, 0% used [0x00000000a0000000,0x00000000a0008000,0x00000000a4000000)
 Metaspace       used 11016K, capacity 11274K, committed 11648K, reserved 1058816K
  class space    used 1234K, capacity 1303K, committed 1408K, reserved 1048576K
}

Deoptimization events (10 events):
Event: 0.615 Thread 0x000000000235f800 Uncommon trap: reason=unstable_if action=reinterpret pc=0x0000000002a75d98 method=java.lang.String.startsWith(Ljava/lang/String;I)Z @ 25
Event: 0.620 Thread 0x000000000235f800 Uncommon trap: reason=unstable_if action=reinterpret pc=0x0000000002b5aa98 method=org.jacoco.agent.rt.internal_14f7ee5.asm.ByteVector.putUTF8(Ljava/lang/String;)Lorg/jacoco/agent/rt/internal_14f7ee5/asm/ByteVector; @ 34
Event: 0.636 Thread 0x000000000235f800 Uncommon trap: reason=unstable_if action=reinterpret pc=0x0000000002b39340 method=org.jacoco.agent.rt.internal_14f7ee5.asm.MethodVisitor.visitLineNumber(ILorg/jacoco/agent/rt/internal_14f7ee5/asm/Label;)V @ 4
Event: 0.636 Thread 0x000000000235f800 Uncommon trap: reason=unstable_if action=reinterpret pc=0x0000000002b68744 method=org.jacoco.agent.rt.internal_14f7ee5.asm.MethodVisitor.visitMethodInsn(ILjava/lang/String;Ljava/lang/String;Ljava/lang/String;Z)V @ 50
Event: 0.827 Thread 0x000000000235f800 Uncommon trap: reason=unstable_if action=reinterpret pc=0x0000000002c2c4d0 method=org.jacoco.agent.rt.internal_14f7ee5.core.internal.flow.LabelFlowAnalyzer.markMethodInvocationLine()V @ 4
Event: 0.835 Thread 0x000000000235f800 Uncommon trap: reason=unstable_if action=reinterpret pc=0x0000000002aeb528 method=org.jacoco.agent.rt.internal_14f7ee5.asm.ClassReader.readUTF(II[C)Ljava/lang/String; @ 77
Event: 0.963 Thread 0x000000000235f800 Uncommon trap: reason=unstable_if action=reinterpret pc=0x0000000002aedbf8 method=org.jacoco.agent.rt.internal_14f7ee5.asm.Item.isEqualTo(Lorg/jacoco/agent/rt/internal_14f7ee5/asm/Item;)Z @ 345
Event: 1.364 Thread 0x000000000235f800 Uncommon trap: reason=unstable_if action=reinterpret pc=0x0000000002d9be10 method=org.jacoco.agent.rt.internal_14f7ee5.asm.commons.AnalyzerAdapter.pop(Ljava/lang/String;)V @ 65
Event: 1.707 Thread 0x000000000235f800 Uncommon trap: reason=unstable_if action=reinterpret pc=0x0000000002d0bc00 method=org.jacoco.agent.rt.internal_14f7ee5.asm.commons.AnalyzerAdapter.execute(IILjava/lang/String;)V @ 1058
Event: 2.378 Thread 0x000000000235f800 Uncommon trap: reason=unstable_if action=reinterpret pc=0x0000000003009284 method=org.chocosolver.solver.variables.impl.BoolVarImpl.instantiateTo(ILorg/chocosolver/solver/ICause;)Z @ 64

Internal exceptions (10 events):
Event: 2.313 Thread 0x000000000235f800 Exception <a 'java/lang/reflect/InvocationTargetException'> (0x00000000e09fae18) thrown at [C:\re\workspace\8-2-build-windows-amd64-cygwin\jdk8u66\5298\hotspot\src\share\vm\runtime\reflection.cpp, line 1092]
Event: 2.314 Thread 0x000000000235f800 Exception <a 'java/lang/reflect/InvocationTargetException'> (0x00000000e09feee0) thrown at [C:\re\workspace\8-2-build-windows-amd64-cygwin\jdk8u66\5298\hotspot\src\share\vm\runtime\reflection.cpp, line 1092]
Event: 2.415 Thread 0x000000000235f800 Implicit null exception at 0x0000000002bbae12 to 0x0000000002bbb617
Event: 2.415 Thread 0x000000000235f800 Exception <a 'java/lang/NullPointerException'> (0x00000000e0c145a8) thrown at [C:\re\workspace\8-2-build-windows-amd64-cygwin\jdk8u66\5298\hotspot\src\share\vm\runtime\sharedRuntime.cpp, line 605]
Event: 2.416 Thread 0x000000000235f800 Implicit null exception at 0x0000000002bbae12 to 0x0000000002bbb617
Event: 2.416 Thread 0x000000000235f800 Exception <a 'java/lang/NullPointerException'> (0x00000000e0c17b38) thrown at [C:\re\workspace\8-2-build-windows-amd64-cygwin\jdk8u66\5298\hotspot\src\share\vm\runtime\sharedRuntime.cpp, line 605]
Event: 2.501 Thread 0x000000000235f800 Implicit null exception at 0x0000000002bbae12 to 0x0000000002bbb617
Event: 2.501 Thread 0x000000000235f800 Exception <a 'java/lang/NullPointerException'> (0x00000000e0dc5080) thrown at [C:\re\workspace\8-2-build-windows-amd64-cygwin\jdk8u66\5298\hotspot\src\share\vm\runtime\sharedRuntime.cpp, line 605]
Event: 2.502 Thread 0x000000000235f800 Implicit null exception at 0x0000000002bbae12 to 0x0000000002bbb617
Event: 2.502 Thread 0x000000000235f800 Exception <a 'java/lang/NullPointerException'> (0x00000000e0dc8148) thrown at [C:\re\workspace\8-2-build-windows-amd64-cygwin\jdk8u66\5298\hotspot\src\share\vm\runtime\sharedRuntime.cpp, line 605]

Events (10 events):
Event: 2.416 loading class data/model/schedule/data/GroupedScheduleValue
Event: 2.416 loading class data/model/schedule/data/GroupedScheduleValue done
Event: 2.429 Executing VM operation: ForceSafepoint
Event: 2.429 Executing VM operation: ForceSafepoint done
Event: 2.497 Thread 0x000000000235f800 DEOPT PACKING pc=0x0000000002ff9f96 sp=0x000000000255db00
Event: 2.497 Thread 0x000000000235f800 DEOPT UNPACKING pc=0x00000000029771bf sp=0x000000000255d828 mode 0
Event: 2.500 loading class data/model/schedule/data/GroupedScheduleValue
Event: 2.500 loading class data/model/schedule/data/GroupedScheduleValue done
Event: 2.501 loading class data/model/schedule/data/GroupedScheduleValue
Event: 2.501 loading class data/model/schedule/data/GroupedScheduleValue done


Dynamic libraries:
0x000000013f310000 - 0x000000013f347000 	C:\Program Files\Java\jre1.8.0_66\bin\javaw.exe
0x0000000077680000 - 0x0000000077829000 	C:\Windows\SYSTEM32\ntdll.dll
0x0000000077460000 - 0x000000007757f000 	C:\Windows\system32\kernel32.dll
0x000007fefd720000 - 0x000007fefd78b000 	C:\Windows\system32\KERNELBASE.dll
0x000007fefe860000 - 0x000007fefe93b000 	C:\Windows\system32\ADVAPI32.dll
0x000007feff7e0000 - 0x000007feff87f000 	C:\Windows\system32\msvcrt.dll
0x000007fefe7a0000 - 0x000007fefe7bf000 	C:\Windows\SYSTEM32\sechost.dll
0x000007fefd7f0000 - 0x000007fefd91d000 	C:\Windows\system32\RPCRT4.dll
0x0000000077580000 - 0x000000007767a000 	C:\Windows\system32\USER32.dll
0x000007fefecb0000 - 0x000007fefed17000 	C:\Windows\system32\GDI32.dll
0x000007feff620000 - 0x000007feff62e000 	C:\Windows\system32\LPK.dll
0x000007feff710000 - 0x000007feff7d9000 	C:\Windows\system32\USP10.dll
0x000007fefbf70000 - 0x000007fefc164000 	C:\Windows\WinSxS\amd64_microsoft.windows.common-controls_6595b64144ccf1df_6.0.7601.17514_none_fa396087175ac9ac\COMCTL32.dll
0x000007feff690000 - 0x000007feff701000 	C:\Windows\system32\SHLWAPI.dll
0x000007feff5f0000 - 0x000007feff61e000 	C:\Windows\system32\IMM32.DLL
0x000007feff880000 - 0x000007feff989000 	C:\Windows\system32\MSCTF.dll
0x0000000071480000 - 0x0000000071552000 	C:\Program Files\Java\jre1.8.0_66\bin\msvcr100.dll
0x000000005d100000 - 0x000000005d989000 	C:\Program Files\Java\jre1.8.0_66\bin\server\jvm.dll
0x000007fef5b10000 - 0x000007fef5b19000 	C:\Windows\system32\WSOCK32.dll
0x000007fefd9c0000 - 0x000007fefda0d000 	C:\Windows\system32\WS2_32.dll
0x000007feff310000 - 0x000007feff318000 	C:\Windows\system32\NSI.dll
0x000007fefb190000 - 0x000007fefb1cb000 	C:\Windows\system32\WINMM.dll
0x000007fefc4d0000 - 0x000007fefc4dc000 	C:\Windows\system32\VERSION.dll
0x0000000077840000 - 0x0000000077847000 	C:\Windows\system32\PSAPI.DLL
0x0000000073e00000 - 0x0000000073e0f000 	C:\Program Files\Java\jre1.8.0_66\bin\verify.dll
0x000000006cc10000 - 0x000000006cc39000 	C:\Program Files\Java\jre1.8.0_66\bin\java.dll
0x0000000071420000 - 0x0000000071443000 	C:\Program Files\Java\jre1.8.0_66\bin\instrument.dll
0x000000006de30000 - 0x000000006de46000 	C:\Program Files\Java\jre1.8.0_66\bin\zip.dll
0x000007fefda10000 - 0x000007fefe798000 	C:\Windows\system32\SHELL32.dll
0x000007fefeda0000 - 0x000007fefefa3000 	C:\Windows\system32\ole32.dll
0x000007fefd440000 - 0x000007fefd44f000 	C:\Windows\system32\profapi.dll
0x0000000074cd0000 - 0x0000000074cea000 	C:\Program Files\Java\jre1.8.0_66\bin\net.dll
0x000007fefcb90000 - 0x000007fefcbe5000 	C:\Windows\system32\mswsock.dll
0x000007fefcd60000 - 0x000007fefcd67000 	C:\Windows\System32\wship6.dll
0x000007fefb470000 - 0x000007fefb485000 	C:\Windows\system32\NLAapi.dll
0x000007fef4390000 - 0x000007fef43a5000 	C:\Windows\system32\napinsp.dll
0x000007fef4370000 - 0x000007fef4389000 	C:\Windows\system32\pnrpnsp.dll
0x0000000074230000 - 0x0000000074256000 	C:\Program Files\Bonjour\mdnsNSP.dll
0x000007fefad90000 - 0x000007fefadb7000 	C:\Windows\system32\Iphlpapi.DLL
0x000007feface0000 - 0x000007fefaceb000 	C:\Windows\system32\WINNSI.DLL
0x000007fef3990000 - 0x000007fef39bf000 	C:\Program Files\Common Files\Microsoft Shared\Windows Live\WLIDNSP.DLL
0x000007fefcad0000 - 0x000007fefcb2b000 	C:\Windows\system32\DNSAPI.dll
0x000007fef4360000 - 0x000007fef436b000 	C:\Windows\System32\winrnr.dll
0x000007fefc5a0000 - 0x000007fefc5a7000 	C:\Windows\System32\wshtcpip.dll
0x000007feeef90000 - 0x000007feeef98000 	C:\Windows\system32\rasadhlp.dll
0x000007fefabd0000 - 0x000007fefac23000 	C:\Windows\System32\fwpuclnt.dll
0x000007feeeca0000 - 0x000007feeedc5000 	C:\Windows\system32\dbghelp.dll

VM Arguments:
jvm_args: -javaagent:H:\Eclipse Mars JEE 4.5.2\configuration\org.eclipse.osgi\1111\0\.cp\jacocoagent.jar=includes=*,excludes=,exclclassloader=sun.reflect.DelegatingClassLoader,output=tcpclient,port=49930 -Dfile.encoding=Cp1252 
java_command: org.eclipse.jdt.internal.junit.runner.RemoteTestRunner -version 3 -port 49931 -testLoaderClass org.eclipse.jdt.internal.junit4.runner.JUnit4TestLoader -loaderpluginname org.eclipse.jdt.junit4.runtime -classNames suites.TestSuite
java_class_path (initial): H:\GII\TFG\workspace\EventScheduler\target\test-classes;H:\GII\TFG\workspace\EventScheduler\target\classes;H:\Eclipse Mars JEE 4.5.2\plugins\org.junit_4.12.0.v201504281640\junit.jar;H:\Eclipse Mars JEE 4.5.2\plugins\org.hamcrest.core_1.3.0.v201303031735.jar;C:\Users\Pablo\.m2\repository\org\choco-solver\choco-solver\3.3.3-j7\choco-solver-3.3.3-j7.jar;C:\Users\Pablo\.m2\repository\dk\brics\automaton\automaton\1.11-8\automaton-1.11-8.jar;C:\Users\Pablo\.m2\repository\org\javabits\jgrapht\jgrapht-core\0.9.3\jgrapht-core-0.9.3.jar;C:\Users\Pablo\.m2\repository\args4j\args4j\2.32\args4j-2.32.jar;C:\Users\Pablo\.m2\repository\com\github\cp-profiler\cpprof-java\1.1.0\cpprof-java-1.1.0.jar;C:\Users\Pablo\.m2\repository\org\zeromq\jeromq\0.3.4\jeromq-0.3.4.jar;C:\Users\Pablo\.m2\repository\com\google\protobuf\protobuf-java\2.6.1\protobuf-java-2.6.1.jar;C:\Users\Pablo\.m2\repository\net\sf\trove4j\trove4j\3.0.3\trove4j-3.0.3.jar;C:\Users\Pablo\.m2\repository\org\apache\commons\commons-lang3\3.0\commons-lang3-3.0.jar;C:\Users\Pablo\.m2\repository\com\fasterxml\jackson\core\jackson-databind\2.7.3\jackson-databind-2.7.3.jar;C:\Users\Pablo\.m2\repository\com\fasterxml\jackson\core\jackson-annotations\2.7.0\jackson-annotations-2.7.0.jar;C:\Users\Pablo\.m2\repository\com\fasterxml\jackson\core\jackson-core\2.7.3\jackson-core-2.7.3.jar;C:\Users\Pablo\.m2\repository\junit\junit\4.12\junit-4.12.jar;C:\Users\Pablo\.m2\repository\org\hamcrest\hamcrest-core\1.3\hamcrest-core-1.3.jar;/H:/Eclipse Mars JEE 4.5.2/configuration/org.eclipse.osgi/382/0/.cp/;/H:/Eclipse Mars JEE 4.5.2/configuration/org.eclipse.osgi/381/0/.cp/;H:\Eclipse Mars JEE 4.5.2\configuration\org.eclipse.osgi\1111\0\.cp\jacocoagent.jar
Launcher Type: SUN_STANDARD

Environment Variables:
JAVA_HOME=C:\Program Files\Java\jdk1.8.0_60
CLASSPATH=.;C:\Program Files (x86)\Java\jre7\lib\ext\QTJava.zip
PATH=C:/Program Files/Java/jre1.8.0_66/bin/server;C:/Program Files/Java/jre1.8.0_66/bin;C:/Program Files/Java/jre1.8.0_66/lib/amd64;C:\ProgramData\Oracle\Java\javapath;C:\Program Files\Common Files\Microsoft Shared\Windows Live;C:\Program Files (x86)\Common Files\Microsoft Shared\Windows Live;C:\Windows\system32;C:\Windows;C:\Windows\System32\Wbem;C:\Windows\System32\WindowsPowerShell\v1.0\;C:\Program Files (x86)\ATI Technologies\ATI.ACE\Core-Static;C:\Program Files (x86)\Windows Live\Shared;C:\Program Files\Java\jdk1.7.0_40\bin;C:\Program Files (x86)\Dev-Cpp\MinGW32\bin;C:\Ruby200-x64\bin;C:\Program Files (x86)\MySQL\MySQL Utilities 1.3.6\;C:\Python27\;C:\Python27\Scripts\;C:\sqlite;C:\Program Files (x86)\QuickTime\QTSystem\;C:\wamp\bin\php\php5.4.12;C:\ProgramData\ComposerSetup\bin;C:\Program Files (x86)\AMD\ATI.ACE\Core-Static;C:\Program Files (x86)\MiKTeX 2.9\miktex\bin\;C:\Windows\system32\config\systemprofile\.dnx\bin;C:\Program Files\Microsoft DNX\Dnvm\;C:\Program Files (x86)\Windows Kits\8.1\Windows Performance Toolkit\;C:\Ruby200-x64\bin;C:\MinGW\bin;C:\Python34;C:\Program Files\Java\jdk1.8.0_60\bin;H:\PNET\Android\sdk\platform-tools;H:\Eclipse Mars JEE 4.5.2;
USERNAME=Pablo
OS=Windows_NT
PROCESSOR_IDENTIFIER=Intel64 Family 6 Model 15 Stepping 7, GenuineIntel



---------------  S Y S T E M  ---------------

OS: Windows 7 , 64 bit Build 7601 (6.1.7601.18015)

CPU:total 4 (4 cores per cpu, 1 threads per core) family 6 model 15 stepping 7, cmov, cx8, fxsr, mmx, sse, sse2, sse3, ssse3, tsc

Memory: 4k page, physical 6290744k(3667800k free), swap 15319236k(10703148k free)

vm_info: Java HotSpot(TM) 64-Bit Server VM (25.66-b18) for windows-amd64 JRE (1.8.0_66-b18), built on Nov  9 2015 10:51:13 by "java_re" with MS VC++ 10.0 (VS2010)

time: Fri May 06 22:03:44 2016
elapsed time: 2 seconds (0d 0h 0m 2s)

